# JRE version: OpenJDK Runtime Environment (21.0.10) (build 21.0.10+-14961533-b1163.108)
# Java VM: OpenJDK 64-Bit Server VM (21.0.10+-14961533-b1163.108, mixed mode, tiered, compressed oops, compressed class ptrs, g1 gc, windows-amd64)
GC Precious Log:
 CardTable entry size: 512
 Card Set container configuration: InlinePtr #cards 5 size 8 Array Of Cards #cards 12 size 40 Howl #buckets 4 coarsen threshold 1843 Howl Bitmap #cards 512 size 80 coarsen threshold 460 Card regions per heap region 1 cards per card region 2048
 CPUs: 8 total, 8 available
 Memory: 16227M
 Large Page Support: Disabled
 NUMA Support: Disabled
 Compressed Oops: Enabled (32-bit)
 Heap Region Size: 1M
 Heap Min Capacity: 8M
 Heap Initial Capacity: 254M
 Heap Max Capacity: 2G
 Pre-touch: Disabled
 Parallel Workers: 8
 Concurrent Workers: 2
 Concurrent Refinement Workers: 8
 Periodic GC: Disabled
Heap:
 garbage-first heap   total 245760K, used 172015K [0x0000000080000000, 0x0000000100000000)
  region size 1024K, 32 young (32768K), 6 survivors (6144K)
 Metaspace       used 183323K, committed 185984K, reserved 622592K
  class space    used 24696K, committed 25984K, reserved 425984K
GC Heap History (20 events):
Event: 298.845 GC heap before
{Heap before GC invocations=140 (full 0):
 garbage-first heap   total 220160K, used 206953K [0x0000000080000000, 0x0000000100000000)
  region size 1024K, 90 young (92160K), 2 survivors (2048K)
 Metaspace       used 155167K, committed 157568K, reserved 622592K
  class space    used 20755K, committed 21952K, reserved 425984K
}
Event: 298.848 GC heap after
{Heap after GC invocations=141 (full 0):
 garbage-first heap   total 220160K, used 116831K [0x0000000080000000, 0x0000000100000000)
  region size 1024K, 2 young (2048K), 2 survivors (2048K)
 Metaspace       used 155167K, committed 157568K, reserved 622592K
  class space    used 20755K, committed 21952K, reserved 425984K
}
Event: 300.363 GC heap before
{Heap before GC invocations=142 (full 0):
 garbage-first heap   total 220160K, used 206943K [0x0000000080000000, 0x0000000100000000)
  region size 1024K, 90 young (92160K), 2 survivors (2048K)
 Metaspace       used 155167K, committed 157568K, reserved 622592K
  class space    used 20755K, committed 21952K, reserved 425984K
}
Event: 300.366 GC heap after
{Heap after GC invocations=143 (full 0):
 garbage-first heap   total 220160K, used 117897K [0x0000000080000000, 0x0000000100000000)
  region size 1024K, 3 young (3072K), 3 survivors (3072K)
 Metaspace       used 155167K, committed 157568K, reserved 622592K
  class space    used 20755K, committed 21952K, reserved 425984K
}
Event: 301.547 GC heap before
{Heap before GC invocations=143 (full 0):
 garbage-first heap   total 220160K, used 206985K [0x0000000080000000, 0x0000000100000000)
  region size 1024K, 90 young (92160K), 3 survivors (3072K)
 Metaspace       used 155167K, committed 157568K, reserved 622592K
  class space    used 20755K, committed 21952K, reserved 425984K
}
Event: 301.551 GC heap after
{Heap after GC invocations=144 (full 0):
 garbage-first heap   total 220160K, used 118900K [0x0000000080000000, 0x0000000100000000)
  region size 1024K, 4 young (4096K), 4 survivors (4096K)
 Metaspace       used 155167K, committed 157568K, reserved 622592K
  class space    used 20755K, committed 21952K, reserved 425984K
}
Event: 303.229 GC heap before
{Heap before GC invocations=144 (full 0):
 garbage-first heap   total 220160K, used 206964K [0x0000000080000000, 0x0000000100000000)
  region size 1024K, 90 young (92160K), 4 survivors (4096K)
 Metaspace       used 155167K, committed 157568K, reserved 622592K
  class space    used 20755K, committed 21952K, reserved 425984K
}
Event: 303.234 GC heap after
{Heap after GC invocations=145 (full 0):
 garbage-first heap   total 220160K, used 120114K [0x0000000080000000, 0x0000000100000000)
  region size 1024K, 5 young (5120K), 5 survivors (5120K)
 Metaspace       used 155167K, committed 157568K, reserved 622592K
  class space    used 20755K, committed 21952K, reserved 425984K
}
Event: 307.109 GC heap before
{Heap before GC invocations=146 (full 0):
 garbage-first heap   total 220160K, used 210226K [0x0000000080000000, 0x0000000100000000)
  region size 1024K, 90 young (92160K), 5 survivors (5120K)
 Metaspace       used 157620K, committed 160064K, reserved 622592K
  class space    used 21082K, committed 22272K, reserved 425984K
}
Event: 307.114 GC heap after
{Heap after GC invocations=147 (full 0):
 garbage-first heap   total 220160K, used 122985K [0x0000000080000000, 0x0000000100000000)
  region size 1024K, 4 young (4096K), 4 survivors (4096K)
 Metaspace       used 157620K, committed 160064K, reserved 622592K
  class space    used 21082K, committed 22272K, reserved 425984K
}
Event: 312.865 GC heap before
{Heap before GC invocations=147 (full 0):
 garbage-first heap   total 220160K, used 212073K [0x0000000080000000, 0x0000000100000000)
  region size 1024K, 86 young (88064K), 4 survivors (4096K)
 Metaspace       used 164959K, committed 167488K, reserved 622592K
  class space    used 21965K, committed 23168K, reserved 425984K
}
Event: 312.877 GC heap after
{Heap after GC invocations=148 (full 0):
 garbage-first heap   total 225280K, used 130028K [0x0000000080000000, 0x0000000100000000)
  region size 1024K, 10 young (10240K), 10 survivors (10240K)
 Metaspace       used 164959K, committed 167488K, reserved 622592K
  class space    used 21965K, committed 23168K, reserved 425984K
}
Event: 317.420 GC heap before
{Heap before GC invocations=148 (full 0):
 garbage-first heap   total 225280K, used 163820K [0x0000000080000000, 0x0000000100000000)
  region size 1024K, 45 young (46080K), 10 survivors (10240K)
 Metaspace       used 167396K, committed 169920K, reserved 622592K
  class space    used 22298K, committed 23488K, reserved 425984K
}
Event: 317.433 GC heap after
{Heap after GC invocations=149 (full 0):
 garbage-first heap   total 225280K, used 132541K [0x0000000080000000, 0x0000000100000000)
  region size 1024K, 9 young (9216K), 9 survivors (9216K)
 Metaspace       used 167396K, committed 169920K, reserved 622592K
  class space    used 22298K, committed 23488K, reserved 425984K
}
Event: 326.722 GC heap before
{Heap before GC invocations=150 (full 0):
 garbage-first heap   total 229376K, used 215485K [0x0000000080000000, 0x0000000100000000)
  region size 1024K, 87 young (89088K), 9 survivors (9216K)
 Metaspace       used 171320K, committed 173888K, reserved 622592K
  class space    used 22811K, committed 24064K, reserved 425984K
}
Event: 326.761 GC heap after
{Heap after GC invocations=151 (full 0):
 garbage-first heap   total 233472K, used 143746K [0x0000000080000000, 0x0000000100000000)
  region size 1024K, 10 young (10240K), 10 survivors (10240K)
 Metaspace       used 171320K, committed 173888K, reserved 622592K
  class space    used 22811K, committed 24064K, reserved 425984K
}
Event: 328.910 GC heap before
{Heap before GC invocations=151 (full 0):
 garbage-first heap   total 233472K, used 220546K [0x0000000080000000, 0x0000000100000000)
  region size 1024K, 84 young (86016K), 10 survivors (10240K)
 Metaspace       used 176444K, committed 179008K, reserved 622592K
  class space    used 23600K, committed 24832K, reserved 425984K
}
Event: 328.921 GC heap after
{Heap after GC invocations=152 (full 0):
 garbage-first heap   total 234496K, used 143769K [0x0000000080000000, 0x0000000100000000)
  region size 1024K, 3 young (3072K), 3 survivors (3072K)
 Metaspace       used 176444K, committed 179008K, reserved 622592K
  class space    used 23600K, committed 24832K, reserved 425984K
}
Event: 338.074 GC heap before
{Heap before GC invocations=152 (full 0):
 garbage-first heap   total 234496K, used 221593K [0x0000000080000000, 0x0000000100000000)
  region size 1024K, 79 young (80896K), 3 survivors (3072K)
 Metaspace       used 181979K, committed 184576K, reserved 622592K
  class space    used 24454K, committed 25728K, reserved 425984K
}
Event: 338.081 GC heap after
{Heap after GC invocations=153 (full 0):
 garbage-first heap   total 234496K, used 146415K [0x0000000080000000, 0x0000000100000000)
  region size 1024K, 6 young (6144K), 6 survivors (6144K)
 Metaspace       used 181979K, committed 184576K, reserved 622592K
  class space    used 24454K, committed 25728K, reserved 425984K
}

