# JRE version: OpenJDK Runtime Environment (21.0.10) (build 21.0.10+-14961533-b1163.108)
# Java VM: OpenJDK 64-Bit Server VM (21.0.10+-14961533-b1163.108, mixed mode, tiered, compressed oops, compressed class ptrs, g1 gc, windows-amd64)
GC Precious Log:
 CardTable entry size: 512
 Card Set container configuration: InlinePtr #cards 5 size 8 Array Of Cards #cards 12 size 40 Howl #buckets 4 coarsen threshold 1843 Howl Bitmap #cards 512 size 80 coarsen threshold 460 Card regions per heap region 1 cards per card region 2048
 CPUs: 8 total, 8 available
 Memory: 16227M
 Large Page Support: Disabled
 NUMA Support: Disabled
 Compressed Oops: Enabled (32-bit)
 Heap Region Size: 1M
 Heap Min Capacity: 8M
 Heap Initial Capacity: 254M
 Heap Max Capacity: 2G
 Pre-touch: Disabled
 Parallel Workers: 8
 Concurrent Workers: 2
 Concurrent Refinement Workers: 8
 Periodic GC: Disabled
Heap:
 garbage-first heap   total 270336K, used 178088K [0x0000000080000000, 0x0000000100000000)
  region size 1024K, 18 young (18432K), 10 survivors (10240K)
 Metaspace       used 185890K, committed 188544K, reserved 622592K
  class space    used 24893K, committed 26176K, reserved 425984K
GC Heap History (20 events):
Event: 226.416 GC heap before
{Heap before GC invocations=70 (full 0):
 garbage-first heap   total 196608K, used 180807K [0x0000000080000000, 0x0000000100000000)
  region size 1024K, 62 young (63488K), 7 survivors (7168K)
 Metaspace       used 154195K, committed 156608K, reserved 622592K
  class space    used 20604K, committed 21824K, reserved 425984K
}
Event: 226.426 GC heap after
{Heap after GC invocations=71 (full 0):
 garbage-first heap   total 196608K, used 128439K [0x0000000080000000, 0x0000000100000000)
  region size 1024K, 3 young (3072K), 3 survivors (3072K)
 Metaspace       used 154195K, committed 156608K, reserved 622592K
  class space    used 20604K, committed 21824K, reserved 425984K
}
Event: 227.353 GC heap before
{Heap before GC invocations=72 (full 0):
 garbage-first heap   total 215040K, used 182711K [0x0000000080000000, 0x0000000100000000)
  region size 1024K, 57 young (58368K), 3 survivors (3072K)
 Metaspace       used 154251K, committed 156736K, reserved 622592K
  class space    used 20612K, committed 21824K, reserved 425984K
}
Event: 227.361 GC heap after
{Heap after GC invocations=73 (full 0):
 garbage-first heap   total 215040K, used 130389K [0x0000000080000000, 0x0000000100000000)
  region size 1024K, 5 young (5120K), 5 survivors (5120K)
 Metaspace       used 154251K, committed 156736K, reserved 622592K
  class space    used 20612K, committed 21824K, reserved 425984K
}
Event: 228.637 GC heap before
{Heap before GC invocations=73 (full 0):
 garbage-first heap   total 216064K, used 214357K [0x0000000080000000, 0x0000000100000000)
  region size 1024K, 73 young (74752K), 5 survivors (5120K)
 Metaspace       used 156337K, committed 158784K, reserved 622592K
  class space    used 20881K, committed 22080K, reserved 425984K
}
Event: 228.652 GC heap after
{Heap after GC invocations=74 (full 0):
 garbage-first heap   total 233472K, used 139612K [0x0000000080000000, 0x0000000100000000)
  region size 1024K, 10 young (10240K), 10 survivors (10240K)
 Metaspace       used 156337K, committed 158784K, reserved 622592K
  class space    used 20881K, committed 22080K, reserved 425984K
}
Event: 230.128 GC heap before
{Heap before GC invocations=74 (full 0):
 garbage-first heap   total 233472K, used 193884K [0x0000000080000000, 0x0000000100000000)
  region size 1024K, 64 young (65536K), 10 survivors (10240K)
 Metaspace       used 162316K, committed 164800K, reserved 622592K
  class space    used 21581K, committed 22784K, reserved 425984K
}
Event: 230.136 GC heap after
{Heap after GC invocations=75 (full 0):
 garbage-first heap   total 233472K, used 144321K [0x0000000080000000, 0x0000000100000000)
  region size 1024K, 4 young (4096K), 4 survivors (4096K)
 Metaspace       used 162316K, committed 164800K, reserved 622592K
  class space    used 21581K, committed 22784K, reserved 425984K
}
Event: 231.828 GC heap before
{Heap before GC invocations=76 (full 0):
 garbage-first heap   total 250880K, used 219073K [0x0000000080000000, 0x0000000100000000)
  region size 1024K, 72 young (73728K), 4 survivors (4096K)
 Metaspace       used 166793K, committed 169280K, reserved 622592K
  class space    used 22192K, committed 23360K, reserved 425984K
}
Event: 231.834 GC heap after
{Heap after GC invocations=77 (full 0):
 garbage-first heap   total 250880K, used 150079K [0x0000000080000000, 0x0000000100000000)
  region size 1024K, 9 young (9216K), 9 survivors (9216K)
 Metaspace       used 166793K, committed 169280K, reserved 622592K
  class space    used 22192K, committed 23360K, reserved 425984K
}
Event: 236.489 GC heap before
{Heap before GC invocations=77 (full 0):
 garbage-first heap   total 250880K, used 228927K [0x0000000080000000, 0x0000000100000000)
  region size 1024K, 83 young (84992K), 9 survivors (9216K)
 Metaspace       used 171119K, committed 173696K, reserved 622592K
  class space    used 22769K, committed 24000K, reserved 425984K
}
Event: 236.505 GC heap after
{Heap after GC invocations=78 (full 0):
 garbage-first heap   total 250880K, used 157859K [0x0000000080000000, 0x0000000100000000)
  region size 1024K, 7 young (7168K), 7 survivors (7168K)
 Metaspace       used 171119K, committed 173696K, reserved 622592K
  class space    used 22769K, committed 24000K, reserved 425984K
}
Event: 238.043 GC heap before
{Heap before GC invocations=78 (full 0):
 garbage-first heap   total 250880K, used 214179K [0x0000000080000000, 0x0000000100000000)
  region size 1024K, 63 young (64512K), 7 survivors (7168K)
 Metaspace       used 174322K, committed 176896K, reserved 622592K
  class space    used 23238K, committed 24448K, reserved 425984K
}
Event: 238.050 GC heap after
{Heap after GC invocations=79 (full 0):
 garbage-first heap   total 250880K, used 159416K [0x0000000080000000, 0x0000000100000000)
  region size 1024K, 3 young (3072K), 3 survivors (3072K)
 Metaspace       used 174322K, committed 176896K, reserved 622592K
  class space    used 23238K, committed 24448K, reserved 425984K
}
Event: 240.323 GC heap before
{Heap before GC invocations=80 (full 0):
 garbage-first heap   total 270336K, used 231096K [0x0000000080000000, 0x0000000100000000)
  region size 1024K, 72 young (73728K), 3 survivors (3072K)
 Metaspace       used 180038K, committed 182592K, reserved 622592K
  class space    used 24185K, committed 25408K, reserved 425984K
}
Event: 240.329 GC heap after
{Heap after GC invocations=81 (full 0):
 garbage-first heap   total 270336K, used 161462K [0x0000000080000000, 0x0000000100000000)
  region size 1024K, 5 young (5120K), 5 survivors (5120K)
 Metaspace       used 180038K, committed 182592K, reserved 622592K
  class space    used 24185K, committed 25408K, reserved 425984K
}
Event: 242.869 GC heap before
{Heap before GC invocations=81 (full 0):
 garbage-first heap   total 270336K, used 249526K [0x0000000080000000, 0x0000000100000000)
  region size 1024K, 87 young (89088K), 5 survivors (5120K)
 Metaspace       used 185068K, committed 187776K, reserved 622592K
  class space    used 24802K, committed 26112K, reserved 425984K
}
Event: 242.883 GC heap after
{Heap after GC invocations=82 (full 0):
 garbage-first heap   total 270336K, used 164187K [0x0000000080000000, 0x0000000100000000)
  region size 1024K, 10 young (10240K), 10 survivors (10240K)
 Metaspace       used 185068K, committed 187776K, reserved 622592K
  class space    used 24802K, committed 26112K, reserved 425984K
}
Event: 248.726 GC heap before
{Heap before GC invocations=82 (full 0):
 garbage-first heap   total 270336K, used 212315K [0x0000000080000000, 0x0000000100000000)
  region size 1024K, 59 young (60416K), 10 survivors (10240K)
 Metaspace       used 185483K, committed 188160K, reserved 622592K
  class space    used 24847K, committed 26112K, reserved 425984K
}
Event: 248.739 GC heap after
{Heap after GC invocations=83 (full 0):
 garbage-first heap   total 270336K, used 168872K [0x0000000080000000, 0x0000000100000000)
  region size 1024K, 10 young (10240K), 10 survivors (10240K)
 Metaspace       used 185483K, committed 188160K, reserved 622592K
  class space    used 24847K, committed 26112K, reserved 425984K
}

