# JRE version: OpenJDK Runtime Environment (21.0.10) (build 21.0.10+-14961533-b1163.108)
# Java VM: OpenJDK 64-Bit Server VM (21.0.10+-14961533-b1163.108, mixed mode, tiered, compressed oops, compressed class ptrs, g1 gc, windows-amd64)
GC Precious Log:
 CardTable entry size: 512
 Card Set container configuration: InlinePtr #cards 5 size 8 Array Of Cards #cards 12 size 40 Howl #buckets 4 coarsen threshold 1843 Howl Bitmap #cards 512 size 80 coarsen threshold 460 Card regions per heap region 1 cards per card region 2048
 CPUs: 8 total, 8 available
 Memory: 16227M
 Large Page Support: Disabled
 NUMA Support: Disabled
 Compressed Oops: Enabled (32-bit)
 Heap Region Size: 1M
 Heap Min Capacity: 8M
 Heap Initial Capacity: 254M
 Heap Max Capacity: 2G
 Pre-touch: Disabled
 Parallel Workers: 8
 Concurrent Workers: 2
 Concurrent Refinement Workers: 8
 Periodic GC: Disabled
Heap:
 garbage-first heap   total 194560K, used 160151K [0x0000000080000000, 0x0000000100000000)
  region size 1024K, 47 young (48128K), 4 survivors (4096K)
 Metaspace       used 115056K, committed 117184K, reserved 557056K
  class space    used 16268K, committed 17344K, reserved 425984K
GC Heap History (20 events):
Event: 115.077 GC heap before
{Heap before GC invocations=61 (full 0):
 garbage-first heap   total 155648K, used 145416K [0x0000000080000000, 0x0000000100000000)
  region size 1024K, 56 young (57344K), 4 survivors (4096K)
 Metaspace       used 89153K, committed 91008K, reserved 557056K
  class space    used 12709K, committed 13632K, reserved 425984K
}
Event: 115.083 GC heap after
{Heap after GC invocations=62 (full 0):
 garbage-first heap   total 155648K, used 92729K [0x0000000080000000, 0x0000000100000000)
  region size 1024K, 5 young (5120K), 5 survivors (5120K)
 Metaspace       used 89153K, committed 91008K, reserved 557056K
  class space    used 12709K, committed 13632K, reserved 425984K
}
Event: 115.560 GC heap before
{Heap before GC invocations=62 (full 0):
 garbage-first heap   total 155648K, used 144953K [0x0000000080000000, 0x0000000100000000)
  region size 1024K, 56 young (57344K), 5 survivors (5120K)
 Metaspace       used 89153K, committed 91008K, reserved 557056K
  class space    used 12709K, committed 13632K, reserved 425984K
}
Event: 115.565 GC heap after
{Heap after GC invocations=63 (full 0):
 garbage-first heap   total 155648K, used 93552K [0x0000000080000000, 0x0000000100000000)
  region size 1024K, 5 young (5120K), 5 survivors (5120K)
 Metaspace       used 89153K, committed 91008K, reserved 557056K
  class space    used 12709K, committed 13632K, reserved 425984K
}
Event: 118.092 GC heap before
{Heap before GC invocations=64 (full 0):
 garbage-first heap   total 157696K, used 149872K [0x0000000080000000, 0x0000000100000000)
  region size 1024K, 56 young (57344K), 5 survivors (5120K)
 Metaspace       used 90886K, committed 92864K, reserved 557056K
  class space    used 12939K, committed 13888K, reserved 425984K
}
Event: 118.099 GC heap after
{Heap after GC invocations=65 (full 0):
 garbage-first heap   total 159744K, used 101621K [0x0000000080000000, 0x0000000100000000)
  region size 1024K, 7 young (7168K), 7 survivors (7168K)
 Metaspace       used 90886K, committed 92864K, reserved 557056K
  class space    used 12939K, committed 13888K, reserved 425984K
}
Event: 120.557 GC heap before
{Heap before GC invocations=65 (full 0):
 garbage-first heap   total 159744K, used 149749K [0x0000000080000000, 0x0000000100000000)
  region size 1024K, 54 young (55296K), 7 survivors (7168K)
 Metaspace       used 96072K, committed 97984K, reserved 557056K
  class space    used 13535K, committed 14464K, reserved 425984K
}
Event: 120.566 GC heap after
{Heap after GC invocations=66 (full 0):
 garbage-first heap   total 160768K, used 103833K [0x0000000080000000, 0x0000000100000000)
  region size 1024K, 3 young (3072K), 3 survivors (3072K)
 Metaspace       used 96072K, committed 97984K, reserved 557056K
  class space    used 13535K, committed 14464K, reserved 425984K
}
Event: 121.334 GC heap before
{Heap before GC invocations=66 (full 0):
 garbage-first heap   total 160768K, used 105881K [0x0000000080000000, 0x0000000100000000)
  region size 1024K, 6 young (6144K), 3 survivors (3072K)
 Metaspace       used 96604K, committed 98496K, reserved 557056K
  class space    used 13595K, committed 14528K, reserved 425984K
}
Event: 121.338 GC heap after
{Heap after GC invocations=67 (full 0):
 garbage-first heap   total 160768K, used 104252K [0x0000000080000000, 0x0000000100000000)
  region size 1024K, 4 young (4096K), 4 survivors (4096K)
 Metaspace       used 96604K, committed 98496K, reserved 557056K
  class space    used 13595K, committed 14528K, reserved 425984K
}
Event: 125.315 GC heap before
{Heap before GC invocations=68 (full 0):
 garbage-first heap   total 171008K, used 150671K [0x0000000080000000, 0x0000000100000000)
  region size 1024K, 48 young (49152K), 4 survivors (4096K)
 Metaspace       used 99209K, committed 101184K, reserved 557056K
  class space    used 13957K, committed 14912K, reserved 425984K
}
Event: 125.321 GC heap after
{Heap after GC invocations=69 (full 0):
 garbage-first heap   total 171008K, used 104928K [0x0000000080000000, 0x0000000100000000)
  region size 1024K, 6 young (6144K), 6 survivors (6144K)
 Metaspace       used 99209K, committed 101184K, reserved 557056K
  class space    used 13957K, committed 14912K, reserved 425984K
}
Event: 130.210 GC heap before
{Heap before GC invocations=69 (full 0):
 garbage-first heap   total 171008K, used 158176K [0x0000000080000000, 0x0000000100000000)
  region size 1024K, 55 young (56320K), 6 survivors (6144K)
 Metaspace       used 102662K, committed 104640K, reserved 557056K
  class space    used 14448K, committed 15424K, reserved 425984K
}
Event: 130.218 GC heap after
{Heap after GC invocations=70 (full 0):
 garbage-first heap   total 172032K, used 111736K [0x0000000080000000, 0x0000000100000000)
  region size 1024K, 5 young (5120K), 5 survivors (5120K)
 Metaspace       used 102662K, committed 104640K, reserved 557056K
  class space    used 14448K, committed 15424K, reserved 425984K
}
Event: 138.183 GC heap before
{Heap before GC invocations=70 (full 0):
 garbage-first heap   total 172032K, used 156792K [0x0000000080000000, 0x0000000100000000)
  region size 1024K, 50 young (51200K), 5 survivors (5120K)
 Metaspace       used 105609K, committed 107648K, reserved 557056K
  class space    used 14806K, committed 15808K, reserved 425984K
}
Event: 138.193 GC heap after
{Heap after GC invocations=71 (full 0):
 garbage-first heap   total 172032K, used 115360K [0x0000000080000000, 0x0000000100000000)
  region size 1024K, 5 young (5120K), 5 survivors (5120K)
 Metaspace       used 105609K, committed 107648K, reserved 557056K
  class space    used 14806K, committed 15808K, reserved 425984K
}
Event: 140.216 GC heap before
{Heap before GC invocations=72 (full 0):
 garbage-first heap   total 194560K, used 158368K [0x0000000080000000, 0x0000000100000000)
  region size 1024K, 47 young (48128K), 5 survivors (5120K)
 Metaspace       used 107353K, committed 109440K, reserved 557056K
  class space    used 15050K, committed 16064K, reserved 425984K
}
Event: 140.222 GC heap after
{Heap after GC invocations=73 (full 0):
 garbage-first heap   total 194560K, used 116223K [0x0000000080000000, 0x0000000100000000)
  region size 1024K, 2 young (2048K), 2 survivors (2048K)
 Metaspace       used 107353K, committed 109440K, reserved 557056K
  class space    used 15050K, committed 16064K, reserved 425984K
}
Event: 145.001 GC heap before
{Heap before GC invocations=73 (full 0):
 garbage-first heap   total 194560K, used 175615K [0x0000000080000000, 0x0000000100000000)
  region size 1024K, 60 young (61440K), 2 survivors (2048K)
 Metaspace       used 112093K, committed 114176K, reserved 557056K
  class space    used 15872K, committed 16896K, reserved 425984K
}
Event: 145.008 GC heap after
{Heap after GC invocations=74 (full 0):
 garbage-first heap   total 194560K, used 117143K [0x0000000080000000, 0x0000000100000000)
  region size 1024K, 4 young (4096K), 4 survivors (4096K)
 Metaspace       used 112093K, committed 114176K, reserved 557056K
  class space    used 15872K, committed 16896K, reserved 425984K
}

