# JRE version: OpenJDK Runtime Environment (21.0.10) (build 21.0.10+-14961533-b1163.108)
# Java VM: OpenJDK 64-Bit Server VM (21.0.10+-14961533-b1163.108, mixed mode, tiered, compressed oops, compressed class ptrs, g1 gc, windows-amd64)
GC Precious Log:
 CardTable entry size: 512
 Card Set container configuration: InlinePtr #cards 5 size 8 Array Of Cards #cards 12 size 40 Howl #buckets 4 coarsen threshold 1843 Howl Bitmap #cards 512 size 80 coarsen threshold 460 Card regions per heap region 1 cards per card region 2048
 CPUs: 8 total, 8 available
 Memory: 16227M
 Large Page Support: Disabled
 NUMA Support: Disabled
 Compressed Oops: Enabled (32-bit)
 Heap Region Size: 1M
 Heap Min Capacity: 8M
 Heap Initial Capacity: 254M
 Heap Max Capacity: 2G
 Pre-touch: Disabled
 Parallel Workers: 8
 Concurrent Workers: 2
 Concurrent Refinement Workers: 8
 Periodic GC: Disabled
Heap:
 garbage-first heap   total 382976K, used 260849K [0x0000000080000000, 0x0000000100000000)
  region size 1024K, 15 young (15360K), 6 survivors (6144K)
 Metaspace       used 135610K, committed 138176K, reserved 557056K
  class space    used 19108K, committed 20288K, reserved 425984K
GC Heap History (20 events):
Event: 47.055 GC heap before
{Heap before GC invocations=65 (full 0):
 garbage-first heap   total 291840K, used 266877K [0x0000000080000000, 0x0000000100000000)
  region size 1024K, 89 young (91136K), 12 survivors (12288K)
 Metaspace       used 124184K, committed 126656K, reserved 557056K
  class space    used 17564K, committed 18752K, reserved 425984K
}
Event: 47.067 GC heap after
{Heap after GC invocations=66 (full 0):
 garbage-first heap   total 291840K, used 192487K [0x0000000080000000, 0x0000000100000000)
  region size 1024K, 5 young (5120K), 5 survivors (5120K)
 Metaspace       used 124184K, committed 126656K, reserved 557056K
  class space    used 17564K, committed 18752K, reserved 425984K
}
Event: 47.918 GC heap before
{Heap before GC invocations=67 (full 0):
 garbage-first heap   total 321536K, used 269287K [0x0000000080000000, 0x0000000100000000)
  region size 1024K, 81 young (82944K), 5 survivors (5120K)
 Metaspace       used 124231K, committed 126720K, reserved 557056K
  class space    used 17570K, committed 18752K, reserved 425984K
}
Event: 47.926 GC heap after
{Heap after GC invocations=68 (full 0):
 garbage-first heap   total 321536K, used 196133K [0x0000000080000000, 0x0000000100000000)
  region size 1024K, 9 young (9216K), 9 survivors (9216K)
 Metaspace       used 124231K, committed 126720K, reserved 557056K
  class space    used 17570K, committed 18752K, reserved 425984K
}
Event: 48.977 GC heap before
{Heap before GC invocations=68 (full 0):
 garbage-first heap   total 321536K, used 293413K [0x0000000080000000, 0x0000000100000000)
  region size 1024K, 105 young (107520K), 9 survivors (9216K)
 Metaspace       used 124358K, committed 126848K, reserved 557056K
  class space    used 17583K, committed 18752K, reserved 425984K
}
Event: 48.991 GC heap after
{Heap after GC invocations=69 (full 0):
 garbage-first heap   total 321536K, used 200604K [0x0000000080000000, 0x0000000100000000)
  region size 1024K, 12 young (12288K), 12 survivors (12288K)
 Metaspace       used 124358K, committed 126848K, reserved 557056K
  class space    used 17583K, committed 18752K, reserved 425984K
}
Event: 49.303 GC heap before
{Heap before GC invocations=69 (full 0):
 garbage-first heap   total 321536K, used 294812K [0x0000000080000000, 0x0000000100000000)
  region size 1024K, 105 young (107520K), 12 survivors (12288K)
 Metaspace       used 124359K, committed 126848K, reserved 557056K
  class space    used 17583K, committed 18752K, reserved 425984K
}
Event: 49.313 GC heap after
{Heap after GC invocations=70 (full 0):
 garbage-first heap   total 321536K, used 202947K [0x0000000080000000, 0x0000000100000000)
  region size 1024K, 5 young (5120K), 5 survivors (5120K)
 Metaspace       used 124359K, committed 126848K, reserved 557056K
  class space    used 17583K, committed 18752K, reserved 425984K
}
Event: 50.554 GC heap before
{Heap before GC invocations=71 (full 0):
 garbage-first heap   total 339968K, used 306371K [0x0000000080000000, 0x0000000100000000)
  region size 1024K, 98 young (100352K), 5 survivors (5120K)
 Metaspace       used 124739K, committed 127232K, reserved 557056K
  class space    used 17628K, committed 18816K, reserved 425984K
}
Event: 50.564 GC heap after
{Heap after GC invocations=72 (full 0):
 garbage-first heap   total 339968K, used 221759K [0x0000000080000000, 0x0000000100000000)
  region size 1024K, 13 young (13312K), 13 survivors (13312K)
 Metaspace       used 124739K, committed 127232K, reserved 557056K
  class space    used 17628K, committed 18816K, reserved 425984K
}
Event: 51.595 GC heap before
{Heap before GC invocations=72 (full 0):
 garbage-first heap   total 339968K, used 310847K [0x0000000080000000, 0x0000000100000000)
  region size 1024K, 101 young (103424K), 13 survivors (13312K)
 Metaspace       used 124741K, committed 127232K, reserved 557056K
  class space    used 17628K, committed 18816K, reserved 425984K
}
Event: 51.608 GC heap after
{Heap after GC invocations=73 (full 0):
 garbage-first heap   total 339968K, used 225161K [0x0000000080000000, 0x0000000100000000)
  region size 1024K, 5 young (5120K), 5 survivors (5120K)
 Metaspace       used 124741K, committed 127232K, reserved 557056K
  class space    used 17628K, committed 18816K, reserved 425984K
}
Event: 52.019 GC heap before
{Heap before GC invocations=73 (full 0):
 garbage-first heap   total 339968K, used 256905K [0x0000000080000000, 0x0000000100000000)
  region size 1024K, 37 young (37888K), 5 survivors (5120K)
 Metaspace       used 124779K, committed 127296K, reserved 557056K
  class space    used 17629K, committed 18816K, reserved 425984K
}
Event: 52.025 GC heap after
{Heap after GC invocations=74 (full 0):
 garbage-first heap   total 339968K, used 226210K [0x0000000080000000, 0x0000000100000000)
  region size 1024K, 6 young (6144K), 6 survivors (6144K)
 Metaspace       used 124779K, committed 127296K, reserved 557056K
  class space    used 17629K, committed 18816K, reserved 425984K
}
Event: 54.001 GC heap before
{Heap before GC invocations=75 (full 0):
 garbage-first heap   total 382976K, used 312226K [0x0000000080000000, 0x0000000100000000)
  region size 1024K, 88 young (90112K), 6 survivors (6144K)
 Metaspace       used 130641K, committed 133184K, reserved 557056K
  class space    used 18445K, committed 19648K, reserved 425984K
}
Event: 54.013 GC heap after
{Heap after GC invocations=76 (full 0):
 garbage-first heap   total 382976K, used 233472K [0x0000000080000000, 0x0000000100000000)
  region size 1024K, 11 young (11264K), 11 survivors (11264K)
 Metaspace       used 130641K, committed 133184K, reserved 557056K
  class space    used 18445K, committed 19648K, reserved 425984K
}
Event: 74.919 GC heap before
{Heap before GC invocations=76 (full 0):
 garbage-first heap   total 382976K, used 342016K [0x0000000080000000, 0x0000000100000000)
  region size 1024K, 118 young (120832K), 11 survivors (11264K)
 Metaspace       used 134319K, committed 136832K, reserved 557056K
  class space    used 18921K, committed 20096K, reserved 425984K
}
Event: 74.951 GC heap after
{Heap after GC invocations=77 (full 0):
 garbage-first heap   total 382976K, used 245510K [0x0000000080000000, 0x0000000100000000)
  region size 1024K, 15 young (15360K), 15 survivors (15360K)
 Metaspace       used 134319K, committed 136832K, reserved 557056K
  class space    used 18921K, committed 20096K, reserved 425984K
}
Event: 101.715 GC heap before
{Heap before GC invocations=77 (full 0):
 garbage-first heap   total 382976K, used 344838K [0x0000000080000000, 0x0000000100000000)
  region size 1024K, 112 young (114688K), 15 survivors (15360K)
 Metaspace       used 135555K, committed 138048K, reserved 557056K
  class space    used 19108K, committed 20288K, reserved 425984K
}
Event: 101.740 GC heap after
{Heap after GC invocations=78 (full 0):
 garbage-first heap   total 382976K, used 252657K [0x0000000080000000, 0x0000000100000000)
  region size 1024K, 6 young (6144K), 6 survivors (6144K)
 Metaspace       used 135555K, committed 138048K, reserved 557056K
  class space    used 19108K, committed 20288K, reserved 425984K
}

